<?xml version="1.0" encoding="UTF-8"?>
<!-- Generated by org.testng.reporters.JUnitXMLReporter -->
<testsuite ignored="2" hostname="LAPTOP-7ON1HGJ6" failures="11" tests="54" name="Test" time="320.972" errors="0" timestamp="2021-10-28T11:16:36 IST">
  <testcase classname="CBApp.Login_page" name="mailLogin" time="1.58"/>
  <testcase classname="CBApp.Login_page" name="password" time="6.146"/>
  <testcase classname="CBApp.Login_page" name="contactPreview" time="6.038"/>
  <testcase classname="CBApp.Login_page" name="contactBlock" time="0.002">
    <failure type="java.lang.NullPointerException" message="Cannot invoke &amp;quot;CBApp.Base.contactBlock()&amp;quot; because &amp;quot;this.b&amp;quot; is null">
      <![CDATA[java.lang.NullPointerException: Cannot invoke "CBApp.Base.contactBlock()" because "this.b" is null
at CBApp.Login_page.contactBlock(Login_page.java:51)
at java.base/java.util.ArrayList.forEach(ArrayList.java:1511)
... Removed 27 stack frames]]>
    </failure>
  </testcase> <!-- contactBlock -->
  <testcase classname="CBApp.Login_page" name="contactFavourite" time="0.002">
    <failure type="java.lang.NullPointerException" message="Cannot invoke &amp;quot;CBApp.Base.cardPath()&amp;quot; because &amp;quot;this.b&amp;quot; is null">
      <![CDATA[java.lang.NullPointerException: Cannot invoke "CBApp.Base.cardPath()" because "this.b" is null
at CBApp.Login_page.contactFavourite(Login_page.java:60)
at java.base/java.util.ArrayList.forEach(ArrayList.java:1511)
... Removed 27 stack frames]]>
    </failure>
  </testcase> <!-- contactFavourite -->
  <testcase classname="CBApp.Login_page" name="tagsUpdate" time="0.002">
    <failure type="java.lang.NullPointerException" message="Cannot invoke &amp;quot;CBApp.Base.cardPath()&amp;quot; because &amp;quot;this.b&amp;quot; is null">
      <![CDATA[java.lang.NullPointerException: Cannot invoke "CBApp.Base.cardPath()" because "this.b" is null
at CBApp.Login_page.tagsUpdate(Login_page.java:68)
at java.base/java.util.ArrayList.forEach(ArrayList.java:1511)
... Removed 27 stack frames]]>
    </failure>
  </testcase> <!-- tagsUpdate -->
  <testcase classname="CBApp.MyCardPage" name="Card" time="11.862">
    <failure type="org.openqa.selenium.ElementClickInterceptedException" message="element click intercepted: Element &amp;lt;div class=&amp;quot;MuiGrid-root menu__item--menuName MuiGrid-item MuiGrid-grid-xs-7&amp;quot;&amp;gt;...&amp;lt;/div&amp;gt; is not clickable at point (117, 247). Other element would receive the click: &amp;lt;div id=&amp;quot;loaderDiv&amp;quot; class=&amp;quot;overlay-loader&amp;quot;&amp;gt;...&amp;lt;/div&amp;gt;
  (Session info: chrome=95.0.4638.54)
Build info: version: &amp;apos;3.141.59&amp;apos;, revision: &amp;apos;e82be7d358&amp;apos;, time: &amp;apos;2018-11-14T08:25:48&amp;apos;
System info: host: &amp;apos;LAPTOP-7ON1HGJ6&amp;apos;, ip: &amp;apos;192.168.161.76&amp;apos;, os.name: &amp;apos;Windows 10&amp;apos;, os.arch: &amp;apos;amd64&amp;apos;, os.version: &amp;apos;10.0&amp;apos;, java.version: &amp;apos;16.0.2&amp;apos;
Driver info: org.openqa.selenium.chrome.ChromeDriver
Capabilities {acceptInsecureCerts: false, browserName: chrome, browserVersion: 95.0.4638.54, chrome: {chromedriverVersion: 94.0.4606.61 (418b78f5838ed..., userDataDir: C:\Users\VINEET~1\AppData\L...}, goog:chromeOptions: {debuggerAddress: localhost:57976}, javascriptEnabled: true, networkConnectionEnabled: false, pageLoadStrategy: normal, platform: WINDOWS, platformName: WINDOWS, proxy: Proxy(), setWindowRect: true, strictFileInteractability: false, timeouts: {implicit: 0, pageLoad: 300000, script: 30000}, unhandledPromptBehavior: dismiss and notify, webauthn:extension:credBlob: true, webauthn:extension:largeBlob: true, webauthn:virtualAuthenticators: true}
Session ID: 09e4c9bda898a3f3a743133f4974c2f5">
      <![CDATA[org.openqa.selenium.ElementClickInterceptedException: element click intercepted: Element <div class="MuiGrid-root menu__item--menuName MuiGrid-item MuiGrid-grid-xs-7">...</div> is not clickable at point (117, 247). Other element would receive the click: <div id="loaderDiv" class="overlay-loader">...</div>
  (Session info: chrome=95.0.4638.54)
Build info: version: '3.141.59', revision: 'e82be7d358', time: '2018-11-14T08:25:48'
System info: host: 'LAPTOP-7ON1HGJ6', ip: '192.168.161.76', os.name: 'Windows 10', os.arch: 'amd64', os.version: '10.0', java.version: '16.0.2'
Driver info: org.openqa.selenium.chrome.ChromeDriver
Capabilities {acceptInsecureCerts: false, browserName: chrome, browserVersion: 95.0.4638.54, chrome: {chromedriverVersion: 94.0.4606.61 (418b78f5838ed..., userDataDir: C:\Users\VINEET~1\AppData\L...}, goog:chromeOptions: {debuggerAddress: localhost:57976}, javascriptEnabled: true, networkConnectionEnabled: false, pageLoadStrategy: normal, platform: WINDOWS, platformName: WINDOWS, proxy: Proxy(), setWindowRect: true, strictFileInteractability: false, timeouts: {implicit: 0, pageLoad: 300000, script: 30000}, unhandledPromptBehavior: dismiss and notify, webauthn:extension:credBlob: true, webauthn:extension:largeBlob: true, webauthn:virtualAuthenticators: true}
Session ID: 09e4c9bda898a3f3a743133f4974c2f5
at org.openqa.selenium.remote.http.W3CHttpResponseCodec.createException(W3CHttpResponseCodec.java:187)
at org.openqa.selenium.remote.http.W3CHttpResponseCodec.decode(W3CHttpResponseCodec.java:122)
at org.openqa.selenium.remote.http.W3CHttpResponseCodec.decode(W3CHttpResponseCodec.java:49)
at org.openqa.selenium.remote.HttpCommandExecutor.execute(HttpCommandExecutor.java:158)
at org.openqa.selenium.remote.service.DriverCommandExecutor.execute(DriverCommandExecutor.java:83)
at org.openqa.selenium.remote.RemoteWebDriver.execute(RemoteWebDriver.java:552)
at org.openqa.selenium.remote.RemoteWebElement.execute(RemoteWebElement.java:285)
at org.openqa.selenium.remote.RemoteWebElement.click(RemoteWebElement.java:84)
at CBApp.MyCardPage.navigate(MyCardPage.java:28)
at CBApp.MyCardPage.Card(MyCardPage.java:22)
at java.base/java.util.ArrayList.forEach(ArrayList.java:1511)
... Removed 32 stack frames]]>
    </failure>
  </testcase> <!-- Card -->
  <testcase classname="CBApp.MyCardPage" name="shareCard" time="0.0">
    <skipped/>
  </testcase> <!-- shareCard -->
  <testcase classname="CBApp.MyCardPage" name="view" time="0.0">
    <skipped/>
  </testcase> <!-- view -->
  <testcase classname="CBApp.MyCardPage" name="newCard" time="0.001">
    <skipped/>
  </testcase> <!-- newCard -->
  <testcase classname="CBApp.MyCardPage" name="newCardTheme" time="0.0">
    <skipped/>
  </testcase> <!-- newCardTheme -->
  <testcase classname="CBApp.FavouritePage" name="favourite" time="12.614">
    <failure type="org.openqa.selenium.ElementClickInterceptedException" message="element click intercepted: Element &amp;lt;div class=&amp;quot;MuiGrid-root menu__item--menuName MuiGrid-item MuiGrid-grid-xs-7&amp;quot;&amp;gt;...&amp;lt;/div&amp;gt; is not clickable at point (117, 288). Other element would receive the click: &amp;lt;div class=&amp;quot;overlay-loader-content&amp;quot;&amp;gt;...&amp;lt;/div&amp;gt;
  (Session info: chrome=95.0.4638.54)
Build info: version: &amp;apos;3.141.59&amp;apos;, revision: &amp;apos;e82be7d358&amp;apos;, time: &amp;apos;2018-11-14T08:25:48&amp;apos;
System info: host: &amp;apos;LAPTOP-7ON1HGJ6&amp;apos;, ip: &amp;apos;192.168.161.76&amp;apos;, os.name: &amp;apos;Windows 10&amp;apos;, os.arch: &amp;apos;amd64&amp;apos;, os.version: &amp;apos;10.0&amp;apos;, java.version: &amp;apos;16.0.2&amp;apos;
Driver info: org.openqa.selenium.chrome.ChromeDriver
Capabilities {acceptInsecureCerts: false, browserName: chrome, browserVersion: 95.0.4638.54, chrome: {chromedriverVersion: 94.0.4606.61 (418b78f5838ed..., userDataDir: C:\Users\VINEET~1\AppData\L...}, goog:chromeOptions: {debuggerAddress: localhost:52613}, javascriptEnabled: true, networkConnectionEnabled: false, pageLoadStrategy: normal, platform: WINDOWS, platformName: WINDOWS, proxy: Proxy(), setWindowRect: true, strictFileInteractability: false, timeouts: {implicit: 0, pageLoad: 300000, script: 30000}, unhandledPromptBehavior: dismiss and notify, webauthn:extension:credBlob: true, webauthn:extension:largeBlob: true, webauthn:virtualAuthenticators: true}
Session ID: 41f963f92222a637b495ce3c3a630c1f">
      <![CDATA[org.openqa.selenium.ElementClickInterceptedException: element click intercepted: Element <div class="MuiGrid-root menu__item--menuName MuiGrid-item MuiGrid-grid-xs-7">...</div> is not clickable at point (117, 288). Other element would receive the click: <div class="overlay-loader-content">...</div>
  (Session info: chrome=95.0.4638.54)
Build info: version: '3.141.59', revision: 'e82be7d358', time: '2018-11-14T08:25:48'
System info: host: 'LAPTOP-7ON1HGJ6', ip: '192.168.161.76', os.name: 'Windows 10', os.arch: 'amd64', os.version: '10.0', java.version: '16.0.2'
Driver info: org.openqa.selenium.chrome.ChromeDriver
Capabilities {acceptInsecureCerts: false, browserName: chrome, browserVersion: 95.0.4638.54, chrome: {chromedriverVersion: 94.0.4606.61 (418b78f5838ed..., userDataDir: C:\Users\VINEET~1\AppData\L...}, goog:chromeOptions: {debuggerAddress: localhost:52613}, javascriptEnabled: true, networkConnectionEnabled: false, pageLoadStrategy: normal, platform: WINDOWS, platformName: WINDOWS, proxy: Proxy(), setWindowRect: true, strictFileInteractability: false, timeouts: {implicit: 0, pageLoad: 300000, script: 30000}, unhandledPromptBehavior: dismiss and notify, webauthn:extension:credBlob: true, webauthn:extension:largeBlob: true, webauthn:virtualAuthenticators: true}
Session ID: 41f963f92222a637b495ce3c3a630c1f
at org.openqa.selenium.remote.http.W3CHttpResponseCodec.createException(W3CHttpResponseCodec.java:187)
at org.openqa.selenium.remote.http.W3CHttpResponseCodec.decode(W3CHttpResponseCodec.java:122)
at org.openqa.selenium.remote.http.W3CHttpResponseCodec.decode(W3CHttpResponseCodec.java:49)
at org.openqa.selenium.remote.HttpCommandExecutor.execute(HttpCommandExecutor.java:158)
at org.openqa.selenium.remote.service.DriverCommandExecutor.execute(DriverCommandExecutor.java:83)
at org.openqa.selenium.remote.RemoteWebDriver.execute(RemoteWebDriver.java:552)
at org.openqa.selenium.remote.RemoteWebElement.execute(RemoteWebElement.java:285)
at org.openqa.selenium.remote.RemoteWebElement.click(RemoteWebElement.java:84)
at CBApp.FavouritePage.navigate(FavouritePage.java:32)
at CBApp.FavouritePage.favourite(FavouritePage.java:26)
at java.base/java.util.ArrayList.forEach(ArrayList.java:1511)
... Removed 32 stack frames]]>
    </failure>
  </testcase> <!-- favourite -->
  <testcase classname="CBApp.FavouritePage" name="block" time="0.0">
    <skipped/>
  </testcase> <!-- block -->
  <testcase classname="CBApp.FavouritePage" name="tags" time="0.0">
    <skipped/>
  </testcase> <!-- tags -->
  <testcase classname="CBApp.Company" name="companies" time="12.333">
    <failure type="org.openqa.selenium.ElementClickInterceptedException" message="element click intercepted: Element &amp;lt;div class=&amp;quot;MuiGrid-root menu__item--menuName MuiGrid-item MuiGrid-grid-xs-7&amp;quot;&amp;gt;...&amp;lt;/div&amp;gt; is not clickable at point (117, 366). Other element would receive the click: &amp;lt;div id=&amp;quot;loaderDiv&amp;quot; class=&amp;quot;overlay-loader&amp;quot;&amp;gt;...&amp;lt;/div&amp;gt;
  (Session info: chrome=95.0.4638.54)
Build info: version: &amp;apos;3.141.59&amp;apos;, revision: &amp;apos;e82be7d358&amp;apos;, time: &amp;apos;2018-11-14T08:25:48&amp;apos;
System info: host: &amp;apos;LAPTOP-7ON1HGJ6&amp;apos;, ip: &amp;apos;192.168.161.76&amp;apos;, os.name: &amp;apos;Windows 10&amp;apos;, os.arch: &amp;apos;amd64&amp;apos;, os.version: &amp;apos;10.0&amp;apos;, java.version: &amp;apos;16.0.2&amp;apos;
Driver info: org.openqa.selenium.chrome.ChromeDriver
Capabilities {acceptInsecureCerts: false, browserName: chrome, browserVersion: 95.0.4638.54, chrome: {chromedriverVersion: 94.0.4606.61 (418b78f5838ed..., userDataDir: C:\Users\VINEET~1\AppData\L...}, goog:chromeOptions: {debuggerAddress: localhost:58989}, javascriptEnabled: true, networkConnectionEnabled: false, pageLoadStrategy: normal, platform: WINDOWS, platformName: WINDOWS, proxy: Proxy(), setWindowRect: true, strictFileInteractability: false, timeouts: {implicit: 0, pageLoad: 300000, script: 30000}, unhandledPromptBehavior: dismiss and notify, webauthn:extension:credBlob: true, webauthn:extension:largeBlob: true, webauthn:virtualAuthenticators: true}
Session ID: eab28d9e6937296e5b31542da3847507">
      <![CDATA[org.openqa.selenium.ElementClickInterceptedException: element click intercepted: Element <div class="MuiGrid-root menu__item--menuName MuiGrid-item MuiGrid-grid-xs-7">...</div> is not clickable at point (117, 366). Other element would receive the click: <div id="loaderDiv" class="overlay-loader">...</div>
  (Session info: chrome=95.0.4638.54)
Build info: version: '3.141.59', revision: 'e82be7d358', time: '2018-11-14T08:25:48'
System info: host: 'LAPTOP-7ON1HGJ6', ip: '192.168.161.76', os.name: 'Windows 10', os.arch: 'amd64', os.version: '10.0', java.version: '16.0.2'
Driver info: org.openqa.selenium.chrome.ChromeDriver
Capabilities {acceptInsecureCerts: false, browserName: chrome, browserVersion: 95.0.4638.54, chrome: {chromedriverVersion: 94.0.4606.61 (418b78f5838ed..., userDataDir: C:\Users\VINEET~1\AppData\L...}, goog:chromeOptions: {debuggerAddress: localhost:58989}, javascriptEnabled: true, networkConnectionEnabled: false, pageLoadStrategy: normal, platform: WINDOWS, platformName: WINDOWS, proxy: Proxy(), setWindowRect: true, strictFileInteractability: false, timeouts: {implicit: 0, pageLoad: 300000, script: 30000}, unhandledPromptBehavior: dismiss and notify, webauthn:extension:credBlob: true, webauthn:extension:largeBlob: true, webauthn:virtualAuthenticators: true}
Session ID: eab28d9e6937296e5b31542da3847507
at org.openqa.selenium.remote.http.W3CHttpResponseCodec.createException(W3CHttpResponseCodec.java:187)
at org.openqa.selenium.remote.http.W3CHttpResponseCodec.decode(W3CHttpResponseCodec.java:122)
at org.openqa.selenium.remote.http.W3CHttpResponseCodec.decode(W3CHttpResponseCodec.java:49)
at org.openqa.selenium.remote.HttpCommandExecutor.execute(HttpCommandExecutor.java:158)
at org.openqa.selenium.remote.service.DriverCommandExecutor.execute(DriverCommandExecutor.java:83)
at org.openqa.selenium.remote.RemoteWebDriver.execute(RemoteWebDriver.java:552)
at org.openqa.selenium.remote.RemoteWebElement.execute(RemoteWebElement.java:285)
at org.openqa.selenium.remote.RemoteWebElement.click(RemoteWebElement.java:84)
at CBApp.Company.navigate(Company.java:26)
at CBApp.Company.companies(Company.java:20)
at java.base/java.util.ArrayList.forEach(ArrayList.java:1511)
... Removed 32 stack frames]]>
    </failure>
  </testcase> <!-- companies -->
  <testcase classname="CBApp.Company" name="companyList" time="0.0">
    <skipped/>
  </testcase> <!-- companyList -->
  <testcase classname="CBApp.Company" name="block" time="0.0">
    <skipped/>
  </testcase> <!-- block -->
  <testcase classname="CBApp.Company" name="favourite" time="0.0">
    <skipped/>
  </testcase> <!-- favourite -->
  <testcase classname="CBApp.Company" name="tags" time="0.0">
    <skipped/>
  </testcase> <!-- tags -->
  <testcase classname="CBApp.Industry" name="industries" time="12.327">
    <failure type="org.openqa.selenium.ElementClickInterceptedException" message="element click intercepted: Element &amp;lt;div class=&amp;quot;MuiGrid-root menu__item--menuName MuiGrid-item MuiGrid-grid-xs-7&amp;quot;&amp;gt;...&amp;lt;/div&amp;gt; is not clickable at point (117, 404). Other element would receive the click: &amp;lt;div id=&amp;quot;loaderDiv&amp;quot; class=&amp;quot;overlay-loader&amp;quot;&amp;gt;...&amp;lt;/div&amp;gt;
  (Session info: chrome=95.0.4638.54)
Build info: version: &amp;apos;3.141.59&amp;apos;, revision: &amp;apos;e82be7d358&amp;apos;, time: &amp;apos;2018-11-14T08:25:48&amp;apos;
System info: host: &amp;apos;LAPTOP-7ON1HGJ6&amp;apos;, ip: &amp;apos;192.168.161.76&amp;apos;, os.name: &amp;apos;Windows 10&amp;apos;, os.arch: &amp;apos;amd64&amp;apos;, os.version: &amp;apos;10.0&amp;apos;, java.version: &amp;apos;16.0.2&amp;apos;
Driver info: org.openqa.selenium.chrome.ChromeDriver
Capabilities {acceptInsecureCerts: false, browserName: chrome, browserVersion: 95.0.4638.54, chrome: {chromedriverVersion: 94.0.4606.61 (418b78f5838ed..., userDataDir: C:\Users\VINEET~1\AppData\L...}, goog:chromeOptions: {debuggerAddress: localhost:54117}, javascriptEnabled: true, networkConnectionEnabled: false, pageLoadStrategy: normal, platform: WINDOWS, platformName: WINDOWS, proxy: Proxy(), setWindowRect: true, strictFileInteractability: false, timeouts: {implicit: 0, pageLoad: 300000, script: 30000}, unhandledPromptBehavior: dismiss and notify, webauthn:extension:credBlob: true, webauthn:extension:largeBlob: true, webauthn:virtualAuthenticators: true}
Session ID: ba6afa801990d4b9c1e773eee355d40b">
      <![CDATA[org.openqa.selenium.ElementClickInterceptedException: element click intercepted: Element <div class="MuiGrid-root menu__item--menuName MuiGrid-item MuiGrid-grid-xs-7">...</div> is not clickable at point (117, 404). Other element would receive the click: <div id="loaderDiv" class="overlay-loader">...</div>
  (Session info: chrome=95.0.4638.54)
Build info: version: '3.141.59', revision: 'e82be7d358', time: '2018-11-14T08:25:48'
System info: host: 'LAPTOP-7ON1HGJ6', ip: '192.168.161.76', os.name: 'Windows 10', os.arch: 'amd64', os.version: '10.0', java.version: '16.0.2'
Driver info: org.openqa.selenium.chrome.ChromeDriver
Capabilities {acceptInsecureCerts: false, browserName: chrome, browserVersion: 95.0.4638.54, chrome: {chromedriverVersion: 94.0.4606.61 (418b78f5838ed..., userDataDir: C:\Users\VINEET~1\AppData\L...}, goog:chromeOptions: {debuggerAddress: localhost:54117}, javascriptEnabled: true, networkConnectionEnabled: false, pageLoadStrategy: normal, platform: WINDOWS, platformName: WINDOWS, proxy: Proxy(), setWindowRect: true, strictFileInteractability: false, timeouts: {implicit: 0, pageLoad: 300000, script: 30000}, unhandledPromptBehavior: dismiss and notify, webauthn:extension:credBlob: true, webauthn:extension:largeBlob: true, webauthn:virtualAuthenticators: true}
Session ID: ba6afa801990d4b9c1e773eee355d40b
at org.openqa.selenium.remote.http.W3CHttpResponseCodec.createException(W3CHttpResponseCodec.java:187)
at org.openqa.selenium.remote.http.W3CHttpResponseCodec.decode(W3CHttpResponseCodec.java:122)
at org.openqa.selenium.remote.http.W3CHttpResponseCodec.decode(W3CHttpResponseCodec.java:49)
at org.openqa.selenium.remote.HttpCommandExecutor.execute(HttpCommandExecutor.java:158)
at org.openqa.selenium.remote.service.DriverCommandExecutor.execute(DriverCommandExecutor.java:83)
at org.openqa.selenium.remote.RemoteWebDriver.execute(RemoteWebDriver.java:552)
at org.openqa.selenium.remote.RemoteWebElement.execute(RemoteWebElement.java:285)
at org.openqa.selenium.remote.RemoteWebElement.click(RemoteWebElement.java:84)
at CBApp.Industry.navigate(Industry.java:26)
at CBApp.Industry.industries(Industry.java:20)
at java.base/java.util.ArrayList.forEach(ArrayList.java:1511)
... Removed 32 stack frames]]>
    </failure>
  </testcase> <!-- industries -->
  <testcase classname="CBApp.Industry" name="industriesList" time="0.0">
    <skipped/>
  </testcase> <!-- industriesList -->
  <testcase classname="CBApp.Industry" name="block" time="0.0">
    <skipped/>
  </testcase> <!-- block -->
  <testcase classname="CBApp.Industry" name="favourite" time="0.0">
    <skipped/>
  </testcase> <!-- favourite -->
  <testcase classname="CBApp.Industry" name="tags" time="0.0">
    <skipped/>
  </testcase> <!-- tags -->
  <testcase classname="CBApp.profession" name="professions" time="13.125">
    <failure type="org.openqa.selenium.ElementClickInterceptedException" message="element click intercepted: Element &amp;lt;div class=&amp;quot;MuiGrid-root menu__item--menuName MuiGrid-item MuiGrid-grid-xs-7&amp;quot;&amp;gt;...&amp;lt;/div&amp;gt; is not clickable at point (117, 443). Other element would receive the click: &amp;lt;div id=&amp;quot;loaderDiv&amp;quot; class=&amp;quot;overlay-loader&amp;quot;&amp;gt;...&amp;lt;/div&amp;gt;
  (Session info: chrome=95.0.4638.54)
Build info: version: &amp;apos;3.141.59&amp;apos;, revision: &amp;apos;e82be7d358&amp;apos;, time: &amp;apos;2018-11-14T08:25:48&amp;apos;
System info: host: &amp;apos;LAPTOP-7ON1HGJ6&amp;apos;, ip: &amp;apos;192.168.161.76&amp;apos;, os.name: &amp;apos;Windows 10&amp;apos;, os.arch: &amp;apos;amd64&amp;apos;, os.version: &amp;apos;10.0&amp;apos;, java.version: &amp;apos;16.0.2&amp;apos;
Driver info: org.openqa.selenium.chrome.ChromeDriver
Capabilities {acceptInsecureCerts: false, browserName: chrome, browserVersion: 95.0.4638.54, chrome: {chromedriverVersion: 94.0.4606.61 (418b78f5838ed..., userDataDir: C:\Users\VINEET~1\AppData\L...}, goog:chromeOptions: {debuggerAddress: localhost:50998}, javascriptEnabled: true, networkConnectionEnabled: false, pageLoadStrategy: normal, platform: WINDOWS, platformName: WINDOWS, proxy: Proxy(), setWindowRect: true, strictFileInteractability: false, timeouts: {implicit: 0, pageLoad: 300000, script: 30000}, unhandledPromptBehavior: dismiss and notify, webauthn:extension:credBlob: true, webauthn:extension:largeBlob: true, webauthn:virtualAuthenticators: true}
Session ID: efed1c5051ac48200c92da7f8982f2e1">
      <![CDATA[org.openqa.selenium.ElementClickInterceptedException: element click intercepted: Element <div class="MuiGrid-root menu__item--menuName MuiGrid-item MuiGrid-grid-xs-7">...</div> is not clickable at point (117, 443). Other element would receive the click: <div id="loaderDiv" class="overlay-loader">...</div>
  (Session info: chrome=95.0.4638.54)
Build info: version: '3.141.59', revision: 'e82be7d358', time: '2018-11-14T08:25:48'
System info: host: 'LAPTOP-7ON1HGJ6', ip: '192.168.161.76', os.name: 'Windows 10', os.arch: 'amd64', os.version: '10.0', java.version: '16.0.2'
Driver info: org.openqa.selenium.chrome.ChromeDriver
Capabilities {acceptInsecureCerts: false, browserName: chrome, browserVersion: 95.0.4638.54, chrome: {chromedriverVersion: 94.0.4606.61 (418b78f5838ed..., userDataDir: C:\Users\VINEET~1\AppData\L...}, goog:chromeOptions: {debuggerAddress: localhost:50998}, javascriptEnabled: true, networkConnectionEnabled: false, pageLoadStrategy: normal, platform: WINDOWS, platformName: WINDOWS, proxy: Proxy(), setWindowRect: true, strictFileInteractability: false, timeouts: {implicit: 0, pageLoad: 300000, script: 30000}, unhandledPromptBehavior: dismiss and notify, webauthn:extension:credBlob: true, webauthn:extension:largeBlob: true, webauthn:virtualAuthenticators: true}
Session ID: efed1c5051ac48200c92da7f8982f2e1
at org.openqa.selenium.remote.http.W3CHttpResponseCodec.createException(W3CHttpResponseCodec.java:187)
at org.openqa.selenium.remote.http.W3CHttpResponseCodec.decode(W3CHttpResponseCodec.java:122)
at org.openqa.selenium.remote.http.W3CHttpResponseCodec.decode(W3CHttpResponseCodec.java:49)
at org.openqa.selenium.remote.HttpCommandExecutor.execute(HttpCommandExecutor.java:158)
at org.openqa.selenium.remote.service.DriverCommandExecutor.execute(DriverCommandExecutor.java:83)
at org.openqa.selenium.remote.RemoteWebDriver.execute(RemoteWebDriver.java:552)
at org.openqa.selenium.remote.RemoteWebElement.execute(RemoteWebElement.java:285)
at org.openqa.selenium.remote.RemoteWebElement.click(RemoteWebElement.java:84)
at CBApp.profession.navigate(profession.java:28)
at CBApp.profession.professions(profession.java:22)
at java.base/java.util.ArrayList.forEach(ArrayList.java:1511)
... Removed 32 stack frames]]>
    </failure>
  </testcase> <!-- professions -->
  <testcase classname="CBApp.profession" name="professionList" time="0.0">
    <skipped/>
  </testcase> <!-- professionList -->
  <testcase classname="CBApp.profession" name="block" time="0.001">
    <skipped/>
  </testcase> <!-- block -->
  <testcase classname="CBApp.profession" name="favourite" time="0.001">
    <skipped/>
  </testcase> <!-- favourite -->
  <testcase classname="CBApp.profession" name="tags" time="0.0">
    <skipped/>
  </testcase> <!-- tags -->
  <testcase classname="CBApp.tag" name="tags" time="12.439">
    <failure type="org.openqa.selenium.ElementClickInterceptedException" message="element click intercepted: Element &amp;lt;div class=&amp;quot;MuiGrid-root menu__item--menuName MuiGrid-item MuiGrid-grid-xs-7&amp;quot;&amp;gt;...&amp;lt;/div&amp;gt; is not clickable at point (117, 482). Other element would receive the click: &amp;lt;div id=&amp;quot;loaderDiv&amp;quot; class=&amp;quot;overlay-loader&amp;quot;&amp;gt;...&amp;lt;/div&amp;gt;
  (Session info: chrome=95.0.4638.54)
Build info: version: &amp;apos;3.141.59&amp;apos;, revision: &amp;apos;e82be7d358&amp;apos;, time: &amp;apos;2018-11-14T08:25:48&amp;apos;
System info: host: &amp;apos;LAPTOP-7ON1HGJ6&amp;apos;, ip: &amp;apos;192.168.161.76&amp;apos;, os.name: &amp;apos;Windows 10&amp;apos;, os.arch: &amp;apos;amd64&amp;apos;, os.version: &amp;apos;10.0&amp;apos;, java.version: &amp;apos;16.0.2&amp;apos;
Driver info: org.openqa.selenium.chrome.ChromeDriver
Capabilities {acceptInsecureCerts: false, browserName: chrome, browserVersion: 95.0.4638.54, chrome: {chromedriverVersion: 94.0.4606.61 (418b78f5838ed..., userDataDir: C:\Users\VINEET~1\AppData\L...}, goog:chromeOptions: {debuggerAddress: localhost:59457}, javascriptEnabled: true, networkConnectionEnabled: false, pageLoadStrategy: normal, platform: WINDOWS, platformName: WINDOWS, proxy: Proxy(), setWindowRect: true, strictFileInteractability: false, timeouts: {implicit: 0, pageLoad: 300000, script: 30000}, unhandledPromptBehavior: dismiss and notify, webauthn:extension:credBlob: true, webauthn:extension:largeBlob: true, webauthn:virtualAuthenticators: true}
Session ID: b87f3658e07f1f0760bf3af659449d82">
      <![CDATA[org.openqa.selenium.ElementClickInterceptedException: element click intercepted: Element <div class="MuiGrid-root menu__item--menuName MuiGrid-item MuiGrid-grid-xs-7">...</div> is not clickable at point (117, 482). Other element would receive the click: <div id="loaderDiv" class="overlay-loader">...</div>
  (Session info: chrome=95.0.4638.54)
Build info: version: '3.141.59', revision: 'e82be7d358', time: '2018-11-14T08:25:48'
System info: host: 'LAPTOP-7ON1HGJ6', ip: '192.168.161.76', os.name: 'Windows 10', os.arch: 'amd64', os.version: '10.0', java.version: '16.0.2'
Driver info: org.openqa.selenium.chrome.ChromeDriver
Capabilities {acceptInsecureCerts: false, browserName: chrome, browserVersion: 95.0.4638.54, chrome: {chromedriverVersion: 94.0.4606.61 (418b78f5838ed..., userDataDir: C:\Users\VINEET~1\AppData\L...}, goog:chromeOptions: {debuggerAddress: localhost:59457}, javascriptEnabled: true, networkConnectionEnabled: false, pageLoadStrategy: normal, platform: WINDOWS, platformName: WINDOWS, proxy: Proxy(), setWindowRect: true, strictFileInteractability: false, timeouts: {implicit: 0, pageLoad: 300000, script: 30000}, unhandledPromptBehavior: dismiss and notify, webauthn:extension:credBlob: true, webauthn:extension:largeBlob: true, webauthn:virtualAuthenticators: true}
Session ID: b87f3658e07f1f0760bf3af659449d82
at org.openqa.selenium.remote.http.W3CHttpResponseCodec.createException(W3CHttpResponseCodec.java:187)
at org.openqa.selenium.remote.http.W3CHttpResponseCodec.decode(W3CHttpResponseCodec.java:122)
at org.openqa.selenium.remote.http.W3CHttpResponseCodec.decode(W3CHttpResponseCodec.java:49)
at org.openqa.selenium.remote.HttpCommandExecutor.execute(HttpCommandExecutor.java:158)
at org.openqa.selenium.remote.service.DriverCommandExecutor.execute(DriverCommandExecutor.java:83)
at org.openqa.selenium.remote.RemoteWebDriver.execute(RemoteWebDriver.java:552)
at org.openqa.selenium.remote.RemoteWebElement.execute(RemoteWebElement.java:285)
at org.openqa.selenium.remote.RemoteWebElement.click(RemoteWebElement.java:84)
at CBApp.tag.navigate(tag.java:26)
at CBApp.tag.tags(tag.java:20)
at java.base/java.util.ArrayList.forEach(ArrayList.java:1511)
... Removed 32 stack frames]]>
    </failure>
  </testcase> <!-- tags -->
  <testcase classname="CBApp.tag" name="tagUpdate" time="0.0">
    <skipped/>
  </testcase> <!-- tagUpdate -->
  <testcase classname="CBApp.tag" name="tagDelete" time="0.0">
    <skipped/>
  </testcase> <!-- tagDelete -->
  <testcase classname="CBApp.tag" name="tagList" time="0.0">
    <skipped/>
  </testcase> <!-- tagList -->
  <testcase classname="CBApp.tag" name="block" time="0.0">
    <skipped/>
  </testcase> <!-- block -->
  <testcase classname="CBApp.tag" name="favourite" time="0.0">
    <skipped/>
  </testcase> <!-- favourite -->
  <testcase classname="CBApp.tag" name="Tags" time="0.0">
    <skipped/>
  </testcase> <!-- Tags -->
  <testcase classname="CBApp.search" name="searchh" time="12.347"/>
  <testcase classname="CBApp.search" name="searchContact" time="1.114">
    <failure type="org.openqa.selenium.ElementClickInterceptedException" message="element click intercepted: Element &amp;lt;div class=&amp;quot;MuiSelect-root MuiSelect-select MuiSelect-selectMenu MuiSelect-filled MuiInputBase-input MuiFilledInput-input&amp;quot; tabindex=&amp;quot;0&amp;quot; role=&amp;quot;button&amp;quot; aria-haspopup=&amp;quot;listbox&amp;quot; aria-labelledby=&amp;quot;mui-component-select-search&amp;quot; id=&amp;quot;mui-component-select-search&amp;quot;&amp;gt;...&amp;lt;/div&amp;gt; is not clickable at point (423, 32). Other element would receive the click: &amp;lt;div id=&amp;quot;loaderDiv&amp;quot; class=&amp;quot;overlay-loader&amp;quot;&amp;gt;...&amp;lt;/div&amp;gt;
  (Session info: chrome=95.0.4638.54)
Build info: version: &amp;apos;3.141.59&amp;apos;, revision: &amp;apos;e82be7d358&amp;apos;, time: &amp;apos;2018-11-14T08:25:48&amp;apos;
System info: host: &amp;apos;LAPTOP-7ON1HGJ6&amp;apos;, ip: &amp;apos;192.168.161.76&amp;apos;, os.name: &amp;apos;Windows 10&amp;apos;, os.arch: &amp;apos;amd64&amp;apos;, os.version: &amp;apos;10.0&amp;apos;, java.version: &amp;apos;16.0.2&amp;apos;
Driver info: org.openqa.selenium.chrome.ChromeDriver
Capabilities {acceptInsecureCerts: false, browserName: chrome, browserVersion: 95.0.4638.54, chrome: {chromedriverVersion: 94.0.4606.61 (418b78f5838ed..., userDataDir: C:\Users\VINEET~1\AppData\L...}, goog:chromeOptions: {debuggerAddress: localhost:58124}, javascriptEnabled: true, networkConnectionEnabled: false, pageLoadStrategy: normal, platform: WINDOWS, platformName: WINDOWS, proxy: Proxy(), setWindowRect: true, strictFileInteractability: false, timeouts: {implicit: 0, pageLoad: 300000, script: 30000}, unhandledPromptBehavior: dismiss and notify, webauthn:extension:credBlob: true, webauthn:extension:largeBlob: true, webauthn:virtualAuthenticators: true}
Session ID: d6e40cb025fc0923c077dfea5a9f2398">
      <![CDATA[org.openqa.selenium.ElementClickInterceptedException: element click intercepted: Element <div class="MuiSelect-root MuiSelect-select MuiSelect-selectMenu MuiSelect-filled MuiInputBase-input MuiFilledInput-input" tabindex="0" role="button" aria-haspopup="listbox" aria-labelledby="mui-component-select-search" id="mui-component-select-search">...</div> is not clickable at point (423, 32). Other element would receive the click: <div id="loaderDiv" class="overlay-loader">...</div>
  (Session info: chrome=95.0.4638.54)
Build info: version: '3.141.59', revision: 'e82be7d358', time: '2018-11-14T08:25:48'
System info: host: 'LAPTOP-7ON1HGJ6', ip: '192.168.161.76', os.name: 'Windows 10', os.arch: 'amd64', os.version: '10.0', java.version: '16.0.2'
Driver info: org.openqa.selenium.chrome.ChromeDriver
Capabilities {acceptInsecureCerts: false, browserName: chrome, browserVersion: 95.0.4638.54, chrome: {chromedriverVersion: 94.0.4606.61 (418b78f5838ed..., userDataDir: C:\Users\VINEET~1\AppData\L...}, goog:chromeOptions: {debuggerAddress: localhost:58124}, javascriptEnabled: true, networkConnectionEnabled: false, pageLoadStrategy: normal, platform: WINDOWS, platformName: WINDOWS, proxy: Proxy(), setWindowRect: true, strictFileInteractability: false, timeouts: {implicit: 0, pageLoad: 300000, script: 30000}, unhandledPromptBehavior: dismiss and notify, webauthn:extension:credBlob: true, webauthn:extension:largeBlob: true, webauthn:virtualAuthenticators: true}
Session ID: d6e40cb025fc0923c077dfea5a9f2398
at org.openqa.selenium.remote.http.W3CHttpResponseCodec.createException(W3CHttpResponseCodec.java:187)
at org.openqa.selenium.remote.http.W3CHttpResponseCodec.decode(W3CHttpResponseCodec.java:122)
at org.openqa.selenium.remote.http.W3CHttpResponseCodec.decode(W3CHttpResponseCodec.java:49)
at org.openqa.selenium.remote.HttpCommandExecutor.execute(HttpCommandExecutor.java:158)
at org.openqa.selenium.remote.service.DriverCommandExecutor.execute(DriverCommandExecutor.java:83)
at org.openqa.selenium.remote.RemoteWebDriver.execute(RemoteWebDriver.java:552)
at org.openqa.selenium.remote.RemoteWebElement.execute(RemoteWebElement.java:285)
at org.openqa.selenium.remote.RemoteWebElement.click(RemoteWebElement.java:84)
at CBApp.search.searchContact(search.java:27)
at java.base/java.util.ArrayList.forEach(ArrayList.java:1511)
... Removed 32 stack frames]]>
    </failure>
  </testcase> <!-- searchContact -->
  <testcase classname="CBApp.search" name="block" time="0.0">
    <skipped/>
  </testcase> <!-- block -->
  <testcase classname="CBApp.search" name="favourite" time="0.0">
    <skipped/>
  </testcase> <!-- favourite -->
  <testcase classname="CBApp.search" name="Tags" time="0.0">
    <skipped/>
  </testcase> <!-- Tags -->
  <testcase classname="CBApp.Search2" name="search" time="13.381"/>
  <testcase classname="CBApp.Search2" name="searchGlobal" time="1.055"/>
  <testcase classname="CBApp.Search2" name="globalCard" time="24.299">
    <failure type="org.openqa.selenium.NoSuchElementException" message="no such element: Unable to locate element: {&amp;quot;method&amp;quot;:&amp;quot;xpath&amp;quot;,&amp;quot;selector&amp;quot;:&amp;quot;//body/div[3]/div[3]/div[1]/div[1]/div[6]/button[1]&amp;quot;}
  (Session info: chrome=95.0.4638.54)
For documentation on this error, please visit: https://www.seleniumhq.org/exceptions/no_such_element.html
Build info: version: &amp;apos;3.141.59&amp;apos;, revision: &amp;apos;e82be7d358&amp;apos;, time: &amp;apos;2018-11-14T08:25:48&amp;apos;
System info: host: &amp;apos;LAPTOP-7ON1HGJ6&amp;apos;, ip: &amp;apos;192.168.161.76&amp;apos;, os.name: &amp;apos;Windows 10&amp;apos;, os.arch: &amp;apos;amd64&amp;apos;, os.version: &amp;apos;10.0&amp;apos;, java.version: &amp;apos;16.0.2&amp;apos;
Driver info: org.openqa.selenium.chrome.ChromeDriver
Capabilities {acceptInsecureCerts: false, browserName: chrome, browserVersion: 95.0.4638.54, chrome: {chromedriverVersion: 94.0.4606.61 (418b78f5838ed..., userDataDir: C:\Users\VINEET~1\AppData\L...}, goog:chromeOptions: {debuggerAddress: localhost:52692}, javascriptEnabled: true, networkConnectionEnabled: false, pageLoadStrategy: normal, platform: WINDOWS, platformName: WINDOWS, proxy: Proxy(), setWindowRect: true, strictFileInteractability: false, timeouts: {implicit: 0, pageLoad: 300000, script: 30000}, unhandledPromptBehavior: dismiss and notify, webauthn:extension:credBlob: true, webauthn:extension:largeBlob: true, webauthn:virtualAuthenticators: true}
Session ID: b23ab6eb85b98befb7b58d66845fd3c9
*** Element info: {Using=xpath, value=//body/div[3]/div[3]/div[1]/div[1]/div[6]/button[1]}">
      <![CDATA[org.openqa.selenium.NoSuchElementException: no such element: Unable to locate element: {"method":"xpath","selector":"//body/div[3]/div[3]/div[1]/div[1]/div[6]/button[1]"}
  (Session info: chrome=95.0.4638.54)
For documentation on this error, please visit: https://www.seleniumhq.org/exceptions/no_such_element.html
Build info: version: '3.141.59', revision: 'e82be7d358', time: '2018-11-14T08:25:48'
System info: host: 'LAPTOP-7ON1HGJ6', ip: '192.168.161.76', os.name: 'Windows 10', os.arch: 'amd64', os.version: '10.0', java.version: '16.0.2'
Driver info: org.openqa.selenium.chrome.ChromeDriver
Capabilities {acceptInsecureCerts: false, browserName: chrome, browserVersion: 95.0.4638.54, chrome: {chromedriverVersion: 94.0.4606.61 (418b78f5838ed..., userDataDir: C:\Users\VINEET~1\AppData\L...}, goog:chromeOptions: {debuggerAddress: localhost:52692}, javascriptEnabled: true, networkConnectionEnabled: false, pageLoadStrategy: normal, platform: WINDOWS, platformName: WINDOWS, proxy: Proxy(), setWindowRect: true, strictFileInteractability: false, timeouts: {implicit: 0, pageLoad: 300000, script: 30000}, unhandledPromptBehavior: dismiss and notify, webauthn:extension:credBlob: true, webauthn:extension:largeBlob: true, webauthn:virtualAuthenticators: true}
Session ID: b23ab6eb85b98befb7b58d66845fd3c9
*** Element info: {Using=xpath, value=//body/div[3]/div[3]/div[1]/div[1]/div[6]/button[1]}
at org.openqa.selenium.remote.http.W3CHttpResponseCodec.createException(W3CHttpResponseCodec.java:187)
at org.openqa.selenium.remote.http.W3CHttpResponseCodec.decode(W3CHttpResponseCodec.java:122)
at org.openqa.selenium.remote.http.W3CHttpResponseCodec.decode(W3CHttpResponseCodec.java:49)
at org.openqa.selenium.remote.HttpCommandExecutor.execute(HttpCommandExecutor.java:158)
at org.openqa.selenium.remote.service.DriverCommandExecutor.execute(DriverCommandExecutor.java:83)
at org.openqa.selenium.remote.RemoteWebDriver.execute(RemoteWebDriver.java:552)
at org.openqa.selenium.remote.RemoteWebDriver.findElement(RemoteWebDriver.java:323)
at org.openqa.selenium.remote.RemoteWebDriver.findElementByXPath(RemoteWebDriver.java:428)
at org.openqa.selenium.By$ByXPath.findElement(By.java:353)
at org.openqa.selenium.remote.RemoteWebDriver.findElement(RemoteWebDriver.java:315)
at CBApp.Search2.globalCard(Search2.java:41)
at java.base/java.util.ArrayList.forEach(ArrayList.java:1511)
... Removed 32 stack frames]]>
    </failure>
  </testcase> <!-- globalCard -->
  <testcase classname="CBApp.Notification" name="setting" time="15.021"/>
  <testcase classname="CBApp.Setting" name="setting" time="14.366"/>
  <testcase classname="CBApp.Setting" name="account" time="0.272"/>
  <testcase classname="CBApp.Setting" name="privacy" time="1.071"/>
  <testcase classname="CBApp.Setting" name="notification" time="0.695"/>
  <testcase classname="CBApp.Setting" name="plans" time="0.557"/>
  <testcase classname="CBApp.Setting" name="rAndE" time="0.26"/>
  <testcase classname="CBApp.Setting" name="help" time="0.686"/>
  <testcase classname="CBApp.Setting" name="feedback" time="0.591"/>
  <testcase classname="CBApp.Setting" name="about" time="0.208"/>
  <testcase classname="CBApp.profession" name="cardSend" time="0.0">
    <ignored/>
  </testcase> <!-- cardSend -->
  <testcase classname="CBApp.MyCardPage" name="edit" time="0.0">
    <ignored/>
  </testcase> <!-- edit -->
</testsuite> <!-- Test -->
